mode: count
github.com/yourusername/k8s-controller-tutorial/main.go:9.13,11.2 1 0
github.com/yourusername/k8s-controller-tutorial/cmd/list.go:20.47,22.17 2 0
github.com/yourusername/k8s-controller-tutorial/cmd/list.go:22.17,25.4 2 0
github.com/yourusername/k8s-controller-tutorial/cmd/list.go:26.3,27.17 2 0
github.com/yourusername/k8s-controller-tutorial/cmd/list.go:27.17,30.4 2 0
github.com/yourusername/k8s-controller-tutorial/cmd/list.go:31.3,32.39 2 0
github.com/yourusername/k8s-controller-tutorial/cmd/list.go:32.39,34.4 1 0
github.com/yourusername/k8s-controller-tutorial/cmd/list.go:38.74,40.16 2 1
github.com/yourusername/k8s-controller-tutorial/cmd/list.go:40.16,42.3 1 1
github.com/yourusername/k8s-controller-tutorial/cmd/list.go:43.2,43.40 1 0
github.com/yourusername/k8s-controller-tutorial/cmd/list.go:46.13,49.2 2 1
github.com/yourusername/k8s-controller-tutorial/cmd/root.go:26.47,36.3 9 0
github.com/yourusername/k8s-controller-tutorial/cmd/root.go:39.46,40.30 1 7
github.com/yourusername/k8s-controller-tutorial/cmd/root.go:41.15,42.28 1 1
github.com/yourusername/k8s-controller-tutorial/cmd/root.go:43.15,44.28 1 1
github.com/yourusername/k8s-controller-tutorial/cmd/root.go:45.14,46.27 1 1
github.com/yourusername/k8s-controller-tutorial/cmd/root.go:47.14,48.27 1 1
github.com/yourusername/k8s-controller-tutorial/cmd/root.go:49.15,50.28 1 1
github.com/yourusername/k8s-controller-tutorial/cmd/root.go:51.10,52.27 1 2
github.com/yourusername/k8s-controller-tutorial/cmd/root.go:56.16,57.42 1 0
github.com/yourusername/k8s-controller-tutorial/cmd/root.go:57.42,60.3 2 0
github.com/yourusername/k8s-controller-tutorial/cmd/root.go:63.13,65.2 1 1
github.com/yourusername/k8s-controller-tutorial/cmd/root.go:67.43,70.33 3 0
github.com/yourusername/k8s-controller-tutorial/cmd/root.go:70.33,81.3 1 0
github.com/yourusername/k8s-controller-tutorial/cmd/root.go:81.8,83.3 1 0
github.com/yourusername/k8s-controller-tutorial/cmd/server.go:24.47,28.17 4 0
github.com/yourusername/k8s-controller-tutorial/cmd/server.go:28.17,31.4 2 0
github.com/yourusername/k8s-controller-tutorial/cmd/server.go:32.3,35.45 3 0
github.com/yourusername/k8s-controller-tutorial/cmd/server.go:35.45,37.4 1 0
github.com/yourusername/k8s-controller-tutorial/cmd/server.go:38.3,40.64 3 0
github.com/yourusername/k8s-controller-tutorial/cmd/server.go:40.64,43.4 2 0
github.com/yourusername/k8s-controller-tutorial/cmd/server.go:47.96,50.15 3 1
github.com/yourusername/k8s-controller-tutorial/cmd/server.go:50.15,52.3 1 0
github.com/yourusername/k8s-controller-tutorial/cmd/server.go:52.8,54.3 1 1
github.com/yourusername/k8s-controller-tutorial/cmd/server.go:55.2,55.16 1 1
github.com/yourusername/k8s-controller-tutorial/cmd/server.go:55.16,57.3 1 1
github.com/yourusername/k8s-controller-tutorial/cmd/server.go:58.2,58.40 1 0
github.com/yourusername/k8s-controller-tutorial/cmd/server.go:61.13,66.2 4 1
github.com/yourusername/k8s-controller-tutorial/pkg/testutil/envtest.go:17.83,30.26 9 0
github.com/yourusername/k8s-controller-tutorial/pkg/testutil/envtest.go:30.26,49.3 3 0
github.com/yourusername/k8s-controller-tutorial/pkg/testutil/envtest.go:51.2,51.20 1 0
github.com/yourusername/k8s-controller-tutorial/pkg/testutil/envtest.go:51.20,53.3 1 0
github.com/yourusername/k8s-controller-tutorial/pkg/testutil/envtest.go:54.2,54.32 1 0
github.com/yourusername/k8s-controller-tutorial/pkg/testutil/envtest.go:57.31,57.44 1 1
github.com/yourusername/k8s-controller-tutorial/pkg/informer/informer.go:17.84,22.68 1 1
github.com/yourusername/k8s-controller-tutorial/pkg/informer/informer.go:22.68,24.4 1 2
github.com/yourusername/k8s-controller-tutorial/pkg/informer/informer.go:26.2,29.34 2 1
github.com/yourusername/k8s-controller-tutorial/pkg/informer/informer.go:29.34,31.4 1 2
github.com/yourusername/k8s-controller-tutorial/pkg/informer/informer.go:32.48,34.4 1 0
github.com/yourusername/k8s-controller-tutorial/pkg/informer/informer.go:35.37,37.4 1 0
github.com/yourusername/k8s-controller-tutorial/pkg/informer/informer.go:40.2,42.58 3 1
github.com/yourusername/k8s-controller-tutorial/pkg/informer/informer.go:42.58,43.10 1 1
github.com/yourusername/k8s-controller-tutorial/pkg/informer/informer.go:43.10,46.4 2 0
github.com/yourusername/k8s-controller-tutorial/pkg/informer/informer.go:48.2,49.14 2 1
github.com/yourusername/k8s-controller-tutorial/pkg/informer/informer.go:52.40,53.38 1 4
github.com/yourusername/k8s-controller-tutorial/pkg/informer/informer.go:53.38,55.3 1 3
github.com/yourusername/k8s-controller-tutorial/pkg/informer/informer.go:56.2,56.18 1 1
